This is pdfTeX, Version 3.1415926-2.4-1.40.13 (TeX Live 2012/Debian) (format=pdflatex 2014.4.23)  20 JUL 2014 11:44
entering extended mode
 restricted \write18 enabled.
 %&-line parsing enabled.
**phylopca-ms.tex
(./phylopca-ms.tex
LaTeX2e <2011/06/27>
Babel <v3.8m> and hyphenation patterns for english, dumylang, nohyphenation, lo
aded.
(/usr/share/texlive/texmf-dist/tex/latex/base/article.cls
Document Class: article 2007/10/19 v1.4h Standard LaTeX document class
(/usr/share/texlive/texmf-dist/tex/latex/base/size12.clo
File: size12.clo 2007/10/19 v1.4h Standard LaTeX file (size option)
)
\c@part=\count79
\c@section=\count80
\c@subsection=\count81
\c@subsubsection=\count82
\c@paragraph=\count83
\c@subparagraph=\count84
\c@figure=\count85
\c@table=\count86
\abovecaptionskip=\skip41
\belowcaptionskip=\skip42
\bibindent=\dimen102
)
(/usr/share/texlive/texmf-dist/tex/latex/psnfss/mathpazo.sty
Package: mathpazo 2005/04/12 PSNFSS-v9.2a Palatino w/ Pazo Math (D.Puga, WaS) 
\symupright=\mathgroup4
) (./ms.sty
Package: ms 2008/07/28 v1 Rich's manuscript definitions

Package: ms - common definitions
(/usr/share/texlive/texmf-dist/tex/latex/setspace/setspace.sty
Package: setspace 2011/12/19 v6.7a set line spacing
)
(/usr/share/texlive/texmf-dist/tex/latex/lineno/lineno.sty
Package: lineno 2005/11/02 line numbers on paragraphs v4.41
\linenopenalty=\count87
\output=\toks14
\linenoprevgraf=\count88
\linenumbersep=\dimen103
\linenumberwidth=\dimen104
\c@linenumber=\count89
\c@pagewiselinenumber=\count90
\c@LN@truepage=\count91
\c@internallinenumber=\count92
\c@internallinenumbers=\count93
\quotelinenumbersep=\dimen105
\bframerule=\dimen106
\bframesep=\dimen107
\bframebox=\box26
LaTeX Info: Redefining \\ on input line 3056.
)
(/usr/share/texlive/texmf-dist/tex/latex/amsmath/amsmath.sty
Package: amsmath 2000/07/18 v2.13 AMS math features
\@mathmargin=\skip43

For additional information on amsmath, use the `?' option.
(/usr/share/texlive/texmf-dist/tex/latex/amsmath/amstext.sty
Package: amstext 2000/06/29 v2.01

(/usr/share/texlive/texmf-dist/tex/latex/amsmath/amsgen.sty
File: amsgen.sty 1999/11/30 v2.0
\@emptytoks=\toks15
\ex@=\dimen108
))
(/usr/share/texlive/texmf-dist/tex/latex/amsmath/amsbsy.sty
Package: amsbsy 1999/11/29 v1.2d
\pmbraise@=\dimen109
)
(/usr/share/texlive/texmf-dist/tex/latex/amsmath/amsopn.sty
Package: amsopn 1999/12/14 v2.01 operator names
)
\inf@bad=\count94
LaTeX Info: Redefining \frac on input line 211.
\uproot@=\count95
\leftroot@=\count96
LaTeX Info: Redefining \overline on input line 307.
\classnum@=\count97
\DOTSCASE@=\count98
LaTeX Info: Redefining \ldots on input line 379.
LaTeX Info: Redefining \dots on input line 382.
LaTeX Info: Redefining \cdots on input line 467.
\Mathstrutbox@=\box27
\strutbox@=\box28
\big@size=\dimen110
LaTeX Font Info:    Redeclaring font encoding OML on input line 567.
LaTeX Font Info:    Redeclaring font encoding OMS on input line 568.
\macc@depth=\count99
\c@MaxMatrixCols=\count100
\dotsspace@=\muskip10
\c@parentequation=\count101
\dspbrk@lvl=\count102
\tag@help=\toks16
\row@=\count103
\column@=\count104
\maxfields@=\count105
\andhelp@=\toks17
\eqnshift@=\dimen111
\alignsep@=\dimen112
\tagshift@=\dimen113
\tagwidth@=\dimen114
\totwidth@=\dimen115
\lineht@=\dimen116
\@envbody=\toks18
\multlinegap=\skip44
\multlinetaggap=\skip45
\mathdisplay@stack=\toks19
LaTeX Info: Redefining \[ on input line 2666.
LaTeX Info: Redefining \] on input line 2667.
)
(/usr/share/texlive/texmf-dist/tex/latex/refstyle/refstyle.sty
Package: refstyle 2010/11/02 v0.5 Reference formatting (DNJ Els)

(/usr/share/texlive/texmf-dist/tex/latex/graphics/keyval.sty
Package: keyval 1999/03/16 v1.13 key=value parser (DPC)
\KV@toks@=\toks20
)
Package refstyle Info: Config file refstyle.cfg used on input line 322.

(/usr/share/texlive/texmf-dist/tex/latex/refstyle/refstyle.cfg
File: refstyle.cfg 2010/11/02 0.5 Configuration file for refstyle (DNJ Els)
Package refstyle Info: New reference template \newref{part} on input line 468.
Package refstyle Info: \partkey created on input line 468.
Package refstyle Info: \partlabel created on input line 468.
Package refstyle Info: \partref created on input line 468.
Package refstyle Info: \Partref created on input line 468.
Package refstyle Info: \partrangeref created on input line 468.
Package refstyle Info: \Partrangeref created on input line 468.
Package refstyle Info: \partpageref created on input line 468.
Package refstyle Info: New reference template \newref{chap} on input line 501.
Package refstyle Info: \chapkey created on input line 501.
Package refstyle Info: \chaplabel created on input line 501.
Package refstyle Info: \chapref created on input line 501.
Package refstyle Info: \Chapref created on input line 501.
Package refstyle Info: \chaprangeref created on input line 501.
Package refstyle Info: \Chaprangeref created on input line 501.
Package refstyle Info: \chappageref created on input line 501.
Package refstyle Info: New reference template \newref{sec} on input line 511.
Package refstyle Info: \seckey created on input line 511.
Package refstyle Info: \seclabel created on input line 511.
Package refstyle Info: \secref created on input line 511.
Package refstyle Info: \Secref created on input line 511.
Package refstyle Info: \secrangeref created on input line 511.
Package refstyle Info: \Secrangeref created on input line 511.
Package refstyle Info: \secpageref created on input line 511.
Package refstyle Info: New reference template \newref{eq} on input line 526.
Package refstyle Info: \eqkey created on input line 526.
Package refstyle Info: \eqlabel created on input line 526.
Package refstyle Info: \eqref created on input line 526.
Package refstyle Info: \Eqref created on input line 526.
Package refstyle Info: \eqrangeref created on input line 526.
Package refstyle Info: \Eqrangeref created on input line 526.
Package refstyle Info: \eqpageref created on input line 526.
Package refstyle Info: New reference template \newref{fig} on input line 544.
Package refstyle Info: \figkey created on input line 544.
Package refstyle Info: \figlabel created on input line 544.
Package refstyle Info: \figref created on input line 544.
Package refstyle Info: \Figref created on input line 544.
Package refstyle Info: \figrangeref created on input line 544.
Package refstyle Info: \Figrangeref created on input line 544.
Package refstyle Info: \figpageref created on input line 544.
Package refstyle Info: New reference template \newref{tab} on input line 553.
Package refstyle Info: \tabkey created on input line 553.
Package refstyle Info: \tablabel created on input line 553.
Package refstyle Info: \tabref created on input line 553.
Package refstyle Info: \Tabref created on input line 553.
Package refstyle Info: \tabrangeref created on input line 553.
Package refstyle Info: \Tabrangeref created on input line 553.
Package refstyle Info: \tabpageref created on input line 553.
Package refstyle Info: New reference template \newref{fn} on input line 568.
Package refstyle Info: \fnkey created on input line 568.
Package refstyle Info: \fnlabel created on input line 568.
Package refstyle Info: \fnref created on input line 568.
Package refstyle Info: \Fnref created on input line 568.
Package refstyle Info: \fnrangeref created on input line 568.
Package refstyle Info: \Fnrangeref created on input line 568.
Package refstyle Info: \fnpageref created on input line 568.
))
(/usr/share/texlive/texmf-dist/tex/latex/ncctools/extdash.sty
Package: extdash 2005/01/29 v1.2 Extended Dash Package (NCC)
)
(/usr/share/texlive/texmf-dist/tex/latex/graphics/color.sty
Package: color 2005/11/14 v1.0j Standard LaTeX Color (DPC)

(/usr/share/texlive/texmf-dist/tex/latex/latexconfig/color.cfg
File: color.cfg 2007/01/18 v1.5 color configuration of teTeX/TeXLive
)
Package color Info: Driver file: pdftex.def on input line 130.

(/usr/share/texlive/texmf-dist/tex/latex/pdftex-def/pdftex.def
File: pdftex.def 2011/05/27 v0.06d Graphics/color for pdfTeX

(/usr/share/texlive/texmf-dist/tex/generic/oberdiek/infwarerr.sty
Package: infwarerr 2010/04/08 v1.3 Providing info/warning/error messages (HO)
)
(/usr/share/texlive/texmf-dist/tex/generic/oberdiek/ltxcmds.sty
Package: ltxcmds 2011/11/09 v1.22 LaTeX kernel commands for general use (HO)
)
\Gread@gobject=\count106
))
(/usr/share/texlive/texmf-dist/tex/latex/geometry/geometry.sty
Package: geometry 2010/09/12 v5.6 Page Geometry

(/usr/share/texlive/texmf-dist/tex/generic/oberdiek/ifpdf.sty
Package: ifpdf 2011/01/30 v2.3 Provides the ifpdf switch (HO)
Package ifpdf Info: pdfTeX in PDF mode is detected.
)
(/usr/share/texlive/texmf-dist/tex/generic/oberdiek/ifvtex.sty
Package: ifvtex 2010/03/01 v1.5 Detect VTeX and its facilities (HO)
Package ifvtex Info: VTeX not detected.
)
(/usr/share/texlive/texmf-dist/tex/generic/ifxetex/ifxetex.sty
Package: ifxetex 2010/09/12 v0.6 Provides ifxetex conditional
)
\Gm@cnth=\count107
\Gm@cntv=\count108
\c@Gm@tempcnt=\count109
\Gm@bindingoffset=\dimen117
\Gm@wd@mp=\dimen118
\Gm@odd@mp=\dimen119
\Gm@even@mp=\dimen120
\Gm@layoutwidth=\dimen121
\Gm@layoutheight=\dimen122
\Gm@layouthoffset=\dimen123
\Gm@layoutvoffset=\dimen124
\Gm@dimlist=\toks21
))
(/usr/share/texlive/texmf-dist/tex/latex/amsfonts/amsfonts.sty
Package: amsfonts 2009/06/22 v3.00 Basic AMSFonts support
\symAMSa=\mathgroup5
\symAMSb=\mathgroup6
LaTeX Font Info:    Overwriting math alphabet `\mathfrak' in version `bold'
(Font)                  U/euf/m/n --> U/euf/b/n on input line 96.
)
(/usr/share/texlive/texmf-dist/tex/latex/amsfonts/amssymb.sty
Package: amssymb 2009/06/22 v3.00
)
(/usr/share/texlive/texmf-dist/tex/latex/natbib/natbib.sty
Package: natbib 2010/09/13 8.31b (PWD, AO)
\bibhang=\skip46
\bibsep=\skip47
LaTeX Info: Redefining \cite on input line 694.
\c@NAT@ctr=\count110
)
(/usr/share/texlive/texmf-dist/tex/latex/graphics/graphicx.sty
Package: graphicx 1999/02/16 v1.0f Enhanced LaTeX Graphics (DPC,SPQR)

(/usr/share/texlive/texmf-dist/tex/latex/graphics/graphics.sty
Package: graphics 2009/02/05 v1.0o Standard LaTeX Graphics (DPC,SPQR)

(/usr/share/texlive/texmf-dist/tex/latex/graphics/trig.sty
Package: trig 1999/03/16 v1.09 sin cos tan (DPC)
)
(/usr/share/texlive/texmf-dist/tex/latex/latexconfig/graphics.cfg
File: graphics.cfg 2010/04/23 v1.9 graphics configuration of TeX Live
)
Package graphics Info: Driver file: pdftex.def on input line 91.
)
\Gin@req@height=\dimen125
\Gin@req@width=\dimen126
)
(/usr/share/texlive/texmf-dist/tex/latex/caption/caption.sty
Package: caption 2012/02/19 v3.2f Customizing captions (AR)

(/usr/share/texlive/texmf-dist/tex/latex/caption/caption3.sty
Package: caption3 2012/01/12 v1.4b caption3 kernel (AR)
\captionmargin=\dimen127
\captionmargin@=\dimen128
\captionwidth=\dimen129
\caption@indent=\dimen130
\caption@parindent=\dimen131
\caption@hangindent=\dimen132
)
\c@ContinuedFloat=\count111
)
(./phylopca-ms.aux)
\openout1 = `phylopca-ms.aux'.

LaTeX Font Info:    Checking defaults for OML/cmm/m/it on input line 33.
LaTeX Font Info:    ... okay on input line 33.
LaTeX Font Info:    Checking defaults for T1/cmr/m/n on input line 33.
LaTeX Font Info:    ... okay on input line 33.
LaTeX Font Info:    Checking defaults for OT1/cmr/m/n on input line 33.
LaTeX Font Info:    ... okay on input line 33.
LaTeX Font Info:    Checking defaults for OMS/cmsy/m/n on input line 33.
LaTeX Font Info:    ... okay on input line 33.
LaTeX Font Info:    Checking defaults for OMX/cmex/m/n on input line 33.
LaTeX Font Info:    ... okay on input line 33.
LaTeX Font Info:    Checking defaults for U/cmr/m/n on input line 33.
LaTeX Font Info:    ... okay on input line 33.
LaTeX Font Info:    Try loading font information for OT1+pplj on input line 33.

 (/usr/share/texlive/texmf-dist/tex/latex/psnfss/ot1pplj.fd
File: ot1pplj.fd 2004/09/06 font definitions for OT1/pplj.
) (/usr/share/texlive/texmf-dist/tex/context/base/supp-pdf.mkii
[Loading MPS to PDF converter (version 2006.09.02).]
\scratchcounter=\count112
\scratchdimen=\dimen133
\scratchbox=\box29
\nofMPsegments=\count113
\nofMParguments=\count114
\everyMPshowfont=\toks22
\MPscratchCnt=\count115
\MPscratchDim=\dimen134
\MPnumerator=\count116
\makeMPintoPDFobject=\count117
\everyMPtoPDFconversion=\toks23
)
*geometry* driver: auto-detecting
*geometry* detected driver: pdftex
*geometry* verbose mode - [ preamble ] result:
* driver: pdftex
* paper: a4paper
* layout: <same size as paper>
* layoutoffset:(h,v)=(0.0pt,0.0pt)
* modes: 
* h-part:(L,W,R)=(99.58464pt, 398.3386pt, 99.58464pt)
* v-part:(T,H,B)=(99.58464pt, 645.87756pt, 99.58464pt)
* \paperwidth=597.50787pt
* \paperheight=845.04684pt
* \textwidth=398.3386pt
* \textheight=645.87756pt
* \oddsidemargin=27.31465pt
* \evensidemargin=27.31465pt
* \topmargin=-9.68535pt
* \headheight=12.0pt
* \headsep=25.0pt
* \topskip=12.0pt
* \footskip=30.0pt
* \marginparwidth=35.0pt
* \marginparsep=10.0pt
* \columnsep=10.0pt
* \skip\footins=10.8pt plus 4.0pt minus 2.0pt
* \hoffset=0.0pt
* \voffset=0.0pt
* \mag=1000
* \@twocolumnfalse
* \@twosidefalse
* \@mparswitchfalse
* \@reversemarginfalse
* (1in=72.27pt=25.4mm, 1cm=28.453pt)

(/usr/share/texlive/texmf-dist/tex/generic/oberdiek/pdftexcmds.sty
Package: pdftexcmds 2011/11/29 v0.20 Utility functions of pdfTeX for LuaTeX (HO
)

(/usr/share/texlive/texmf-dist/tex/generic/oberdiek/ifluatex.sty
Package: ifluatex 2010/03/01 v1.3 Provides the ifluatex switch (HO)
Package ifluatex Info: LuaTeX not detected.
)
Package pdftexcmds Info: LuaTeX not detected.
Package pdftexcmds Info: \pdf@primitive is available.
Package pdftexcmds Info: \pdf@ifprimitive is available.
Package pdftexcmds Info: \pdfdraftmode found.
)
(/usr/share/texlive/texmf-dist/tex/latex/oberdiek/epstopdf-base.sty
Package: epstopdf-base 2010/02/09 v2.5 Base part for package epstopdf

(/usr/share/texlive/texmf-dist/tex/latex/oberdiek/grfext.sty
Package: grfext 2010/08/19 v1.1 Manage graphics extensions (HO)

(/usr/share/texlive/texmf-dist/tex/generic/oberdiek/kvdefinekeys.sty
Package: kvdefinekeys 2011/04/07 v1.3 Define keys (HO)
))
(/usr/share/texlive/texmf-dist/tex/latex/oberdiek/kvoptions.sty
Package: kvoptions 2011/06/30 v3.11 Key value format for package options (HO)

(/usr/share/texlive/texmf-dist/tex/generic/oberdiek/kvsetkeys.sty
Package: kvsetkeys 2012/04/25 v1.16 Key value parser (HO)

(/usr/share/texlive/texmf-dist/tex/generic/oberdiek/etexcmds.sty
Package: etexcmds 2011/02/16 v1.5 Avoid name clashes with e-TeX commands (HO)
Package etexcmds Info: Could not find \expanded.
(etexcmds)             That can mean that you are not using pdfTeX 1.50 or
(etexcmds)             that some package has redefined \expanded.
(etexcmds)             In the latter case, load this package earlier.
)))
Package grfext Info: Graphics extension search list:
(grfext)             [.png,.pdf,.jpg,.mps,.jpeg,.jbig2,.jb2,.PNG,.PDF,.JPG,.JPE
G,.JBIG2,.JB2,.eps]
(grfext)             \AppendGraphicsExtensions on input line 452.

(/usr/share/texlive/texmf-dist/tex/latex/latexconfig/epstopdf-sys.cfg
File: epstopdf-sys.cfg 2010/07/13 v1.3 Configuration of (r)epstopdf for TeX Liv
e
))
Package caption Info: Begin \AtBeginDocument code.
Package caption Info: End \AtBeginDocument code.
LaTeX Font Info:    Font shape `OT1/pplj/bx/n' in size <12> not available
(Font)              Font shape `OT1/pplj/b/n' tried instead on input line 35.
LaTeX Font Info:    Try loading font information for OT1+ppl on input line 35.

(/usr/share/texlive/texmf-dist/tex/latex/psnfss/ot1ppl.fd
File: ot1ppl.fd 2001/06/04 font definitions for OT1/ppl.
)
LaTeX Font Info:    Try loading font information for OML+zplm on input line 35.


(/usr/share/texlive/texmf-dist/tex/latex/psnfss/omlzplm.fd
File: omlzplm.fd 2002/09/08 Fontinst v1.914 font definitions for OML/zplm.
)
LaTeX Font Info:    Try loading font information for OMS+zplm on input line 35.


(/usr/share/texlive/texmf-dist/tex/latex/psnfss/omszplm.fd
File: omszplm.fd 2002/09/08 Fontinst v1.914 font definitions for OMS/zplm.
)
LaTeX Font Info:    Try loading font information for OMX+zplm on input line 35.


(/usr/share/texlive/texmf-dist/tex/latex/psnfss/omxzplm.fd
File: omxzplm.fd 2002/09/08 Fontinst v1.914 font definitions for OMX/zplm.
)
LaTeX Font Info:    Try loading font information for OT1+zplm on input line 35.


(/usr/share/texlive/texmf-dist/tex/latex/psnfss/ot1zplm.fd
File: ot1zplm.fd 2002/09/08 Fontinst v1.914 font definitions for OT1/zplm.
)
LaTeX Font Info:    Font shape `U/msa/m/n' will be
(Font)              scaled to size 15.0049pt on input line 35.
LaTeX Font Info:    Font shape `U/msa/m/n' will be
(Font)              scaled to size 10.42007pt on input line 35.
LaTeX Font Info:    Font shape `U/msa/m/n' will be
(Font)              scaled to size 8.33606pt on input line 35.
LaTeX Font Info:    Font shape `U/msb/m/n' will be
(Font)              scaled to size 15.0049pt on input line 35.
LaTeX Font Info:    Font shape `U/msb/m/n' will be
(Font)              scaled to size 10.42007pt on input line 35.
LaTeX Font Info:    Font shape `U/msb/m/n' will be
(Font)              scaled to size 8.33606pt on input line 35.

Overfull \hbox (20.52725pt too wide) in paragraph at lines 35--35
 [][] 
 []

LaTeX Font Info:    Font shape `U/msa/m/n' will be
(Font)              scaled to size 12.50409pt on input line 35.
LaTeX Font Info:    Font shape `U/msa/m/n' will be
(Font)              scaled to size 9.37807pt on input line 35.
LaTeX Font Info:    Font shape `U/msa/m/n' will be
(Font)              scaled to size 7.29405pt on input line 35.
LaTeX Font Info:    Font shape `U/msb/m/n' will be
(Font)              scaled to size 12.50409pt on input line 35.
LaTeX Font Info:    Font shape `U/msb/m/n' will be
(Font)              scaled to size 9.37807pt on input line 35.
LaTeX Font Info:    Font shape `U/msb/m/n' will be
(Font)              scaled to size 7.29405pt on input line 35.

Underfull \hbox (badness 10000) in paragraph at lines 35--35

 []


Overfull \hbox (9.00131pt too wide) in paragraph at lines 35--35
 \OT1/pplj/b/n/12 Key-words:[] \OT1/pplj/m/n/12 Phy-lo-ge-netic com-par-a-tive 
meth-ods, prin-ci-pal com-po-nents anal-
 []


Underfull \hbox (badness 10000) in paragraph at lines 35--35

 []


pdfTeX warning (Object streams): \pdfobjcompresslevel > 0 requires \pdfminorver
sion > 4. Object streams disabled now.
[1

{/var/lib/texmf/fonts/map/pdftex/updmap/pdftex.map}]
Overfull \hbox (2.42134pt too wide) in paragraph at lines 44--45
\OT1/pplj/m/n/12 tion in a mul-ti-vari-ate frame-work (Pear-son, 1903). Due to 
link-age, pleiotropy,
 []


Overfull \hbox (22.09332pt too wide) in paragraph at lines 50--51
[]\OT1/pplj/m/n/12 The most fre-quently used ap-proach for cor-rect-ing for the
 non--independence
 []

[2

]
LaTeX Font Info:    Font shape `OT1/pplj/bx/n' in size <17.28> not available
(Font)              Font shape `OT1/pplj/b/n' tried instead on input line 59.
 [3]
LaTeX Font Info:    Font shape `OT1/pplj/bx/n' in size <14.4> not available
(Font)              Font shape `OT1/pplj/b/n' tried instead on input line 60.
LaTeX Font Info:    Font shape `OT1/pplj/bx/it' in size <14.4> not available
(Font)              Font shape `OT1/pplj/b/it' tried instead on input line 60.
 [4] [5] [6]
Overfull \hbox (3.02536pt too wide) in paragraph at lines 107--108
\OT1/pplj/m/n/12 the fam-ily Fe-l-i-dae (cats) us-ing mea-sure-ments from two i
n-de-pen-dent sources
 []

[7] [8] [9] [10]
Overfull \hbox (17.37651pt too wide) in paragraph at lines 134--135
[]\OT1/pplj/m/n/12 These prob-lems, which ul-ti-mately stem from us-ing PCA on 
auto--correlated
 []

[11] [12] [13] [14] [15]
Overfull \hbox (0.97246pt too wide) in paragraph at lines 166--167
\OT1/pplj/m/n/12 DSC was sup-ported by a fel-low-ship from Coordena[][]ao de Ap
erfei[]oamento
 []

[16] (./phylopca-ms.bbl
Missing character: There is no √ in font pplr9o!
Missing character: There is no º in font pplr9o!
 [17] [18]
Missing character: There is no ‚ in font pplr9o!
Missing character: There is no Ä in font pplr9o!
Missing character: There is no ê in font pplr9o!
 [19] [20] [21])

pdfTeX warning: pdflatex (file ./fig/mv-bm-aic.pdf): PDF inclusion: found PDF v
ersion <1.5>, but at most version <1.3> allowed
<./fig/mv-bm-aic.pdf, id=83, 642.9194pt x 425.43512pt>
File: ./fig/mv-bm-aic.pdf Graphic file (type pdf)

<use ./fig/mv-bm-aic.pdf>
Package pdftex.def Info: ./fig/mv-bm-aic.pdf used on input line 174.
(pdftex.def)             Requested size: 417.89265pt x 276.52956pt.

Overfull \hbox (19.55406pt too wide) in paragraph at lines 174--175
 [][] 
 []



pdfTeX warning: pdflatex (file ./fig/onion.pdf): PDF inclusion: found PDF versi
on <1.4>, but at most version <1.3> allowed
<./fig/onion.pdf, id=84, 650.43pt x 433.62pt>
File: ./fig/onion.pdf Graphic file (type pdf)
 <use ./fig/onion.pdf>
Package pdftex.def Info: ./fig/onion.pdf used on input line 181.
(pdftex.def)             Requested size: 422.77449pt x 281.84966pt.

Overfull \hbox (24.4359pt too wide) in paragraph at lines 181--182
 [][] 
 []



pdfTeX warning: pdflatex (file ./fig/uncor-ou-aic.pdf): PDF inclusion: found PD
F version <1.5>, but at most version <1.3> allowed
<./fig/uncor-ou-aic.pdf, id=85, 641.92238pt x 488.0732pt>
File: ./fig/uncor-ou-aic.pdf Graphic file (type pdf)

<use ./fig/uncor-ou-aic.pdf>
Package pdftex.def Info: ./fig/uncor-ou-aic.pdf used on input line 188.
(pdftex.def)             Requested size: 417.24461pt x 317.24382pt.

Overfull \hbox (18.90602pt too wide) in paragraph at lines 188--189
 [][] 
 []



pdfTeX warning: pdflatex (file ./fig/nh-2panel.pdf): PDF inclusion: found PDF v
ersion <1.4>, but at most version <1.3> allowed
<./fig/nh-2panel.pdf, id=86, 650.43pt x 433.62pt>
File: ./fig/nh-2panel.pdf Graphic file (type pdf)
 <use ./fig/nh-2panel.pdf>
Package pdftex.def Info: ./fig/nh-2panel.pdf used on input line 195.
(pdftex.def)             Requested size: 422.77449pt x 281.84966pt.

Overfull \hbox (24.4359pt too wide) in paragraph at lines 195--196
 [][] 
 []



pdfTeX warning: pdflatex (file ./fig/dtt-2panel.pdf): PDF inclusion: found PDF 
version <1.4>, but at most version <1.3> allowed
<./fig/dtt-2panel.pdf, id=87, 650.43pt x 433.62pt>
File: ./fig/dtt-2panel.pdf Graphic file (type pdf)
 <use ./fig/dtt-2panel.pdf>
Package pdftex.def Info: ./fig/dtt-2panel.pdf used on input line 202.
(pdftex.def)             Requested size: 422.77449pt x 281.84966pt.

Overfull \hbox (24.4359pt too wide) in paragraph at lines 202--203
 [][] 
 []



pdfTeX warning: pdflatex (file ./fig/acdc_slopes.pdf): PDF inclusion: found PDF
 version <1.4>, but at most version <1.3> allowed
<./fig/acdc_slopes.pdf, id=88, 867.24pt x 361.35pt>
File: ./fig/acdc_slopes.pdf Graphic file (type pdf)

<use ./fig/acdc_slopes.pdf>
Package pdftex.def Info: ./fig/acdc_slopes.pdf used on input line 209.
(pdftex.def)             Requested size: 450.9674pt x 187.90308pt.

Overfull \hbox (52.62881pt too wide) in paragraph at lines 209--210
 [][] 
 []



pdfTeX warning: pdflatex (file ./fig/anoles_aicw.pdf): PDF inclusion: found PDF
 version <1.4>, but at most version <1.3> allowed
<./fig/anoles_aicw.pdf, id=89, 650.43pt x 289.08pt>
File: ./fig/anoles_aicw.pdf Graphic file (type pdf)

<use ./fig/anoles_aicw.pdf>
Package pdftex.def Info: ./fig/anoles_aicw.pdf used on input line 216.
(pdftex.def)             Requested size: 422.77449pt x 187.89977pt.

Overfull \hbox (24.4359pt too wide) in paragraph at lines 216--217
 [][] 
 []



pdfTeX warning: pdflatex (file ./fig/uncor-bm-aic.pdf): PDF inclusion: found PD
F version <1.5>, but at most version <1.3> allowed
<./fig/uncor-bm-aic.pdf, id=90, 640.86485pt x 421.823pt>
File: ./fig/uncor-bm-aic.pdf Graphic file (type pdf)

<use ./fig/uncor-bm-aic.pdf>
Package pdftex.def Info: ./fig/uncor-bm-aic.pdf used on input line 228.
(pdftex.def)             Requested size: 416.55722pt x 274.18169pt.

Overfull \hbox (18.21863pt too wide) in paragraph at lines 228--229
 [][] 
 []



pdfTeX warning: pdflatex (file ./fig/uncor-eb-aic.pdf): PDF inclusion: found PD
F version <1.5>, but at most version <1.3> allowed
<./fig/uncor-eb-aic.pdf, id=91, 641.72769pt x 423.64754pt>
File: ./fig/uncor-eb-aic.pdf Graphic file (type pdf)

<use ./fig/uncor-eb-aic.pdf>
Package pdftex.def Info: ./fig/uncor-eb-aic.pdf used on input line 235.
(pdftex.def)             Requested size: 417.11806pt x 275.36763pt.

Overfull \hbox (18.77946pt too wide) in paragraph at lines 235--236
 [][] 
 []



pdfTeX warning: pdflatex (file ./fig/alpha-est.pdf): PDF inclusion: found PDF v
ersion <1.4>, but at most version <1.3> allowed
<fig/alpha-est.pdf, id=92, 650.43pt x 505.89pt>
File: fig/alpha-est.pdf Graphic file (type pdf)
 <use fig/alpha-est.pdf>
Package pdftex.def Info: fig/alpha-est.pdf used on input line 242.
(pdftex.def)             Requested size: 422.77449pt x 328.82458pt.

Overfull \hbox (24.4359pt too wide) in paragraph at lines 242--243
 [][] 
 []



pdfTeX warning: pdflatex (file ./fig/felidae_aicw.pdf): PDF inclusion: found PD
F version <1.4>, but at most version <1.3> allowed
<fig/felidae_aicw.pdf, id=93, 650.43pt x 289.08pt>
File: fig/felidae_aicw.pdf Graphic file (type pdf)
 <use fig/felidae_aicw.pdf>
Package pdftex.def Info: fig/felidae_aicw.pdf used on input line 249.
(pdftex.def)             Requested size: 422.77449pt x 187.89977pt.

Overfull \hbox (24.4359pt too wide) in paragraph at lines 249--250
 [][] 
 []



pdfTeX warning: pdflatex (file ./fig/felidae_nh-dtt.pdf): PDF inclusion: found 
PDF version <1.4>, but at most version <1.3> allowed
<fig/felidae_nh-dtt.pdf, id=94, 650.43pt x 505.89pt>
File: fig/felidae_nh-dtt.pdf Graphic file (type pdf)

<use fig/felidae_nh-dtt.pdf>
Package pdftex.def Info: fig/felidae_nh-dtt.pdf used on input line 256.
(pdftex.def)             Requested size: 422.77449pt x 328.82458pt.

Overfull \hbox (24.4359pt too wide) in paragraph at lines 256--257
 [][] 
 []



pdfTeX warning: pdflatex (file ./fig/anoles_nh-dtt.pdf): PDF inclusion: found P
DF version <1.4>, but at most version <1.3> allowed
<./fig/anoles_nh-dtt.pdf, id=95, 650.43pt x 505.89pt>
File: ./fig/anoles_nh-dtt.pdf Graphic file (type pdf)

<use ./fig/anoles_nh-dtt.pdf>
Package pdftex.def Info: ./fig/anoles_nh-dtt.pdf used on input line 263.
(pdftex.def)             Requested size: 422.77449pt x 328.82458pt.

Overfull \hbox (24.4359pt too wide) in paragraph at lines 263--264
 [][] 
 []

[22] [23 <./fig/mv-bm-aic.pdf>] [24 <./fig/onion.pdf>] [25 <./fig/uncor-ou-aic.
pdf>] [26 <./fig/nh-2panel.pdf>] [27 <./fig/dtt-2panel.pdf>] [28 <./fig/acdc_sl
opes.pdf>] [29 <./fig/anoles_aicw.pdf>] [30 <./fig/uncor-bm-aic.pdf>] [31 <./fi
g/uncor-eb-aic.pdf>] [32 <./fig/alpha-est.pdf>] [33 <./fig/felidae_aicw.pdf>]
[34 <./fig/felidae_nh-dtt.pdf>] [35 <./fig/anoles_nh-dtt.pdf>]
(./phylopca-ms.aux) ) 
Here is how much of TeX's memory you used:
 5669 strings out of 495059
 82380 string characters out of 3182030
 174219 words of memory out of 3000000
 8626 multiletter control sequences out of 15000+200000
 51245 words of font info for 130 fonts, out of 3000000 for 9000
 14 hyphenation exceptions out of 8191
 38i,8n,39p,1994b,375s stack positions out of 5000i,500n,10000p,200000b,50000s
{/usr/share/texlive/texmf-dist/fonts/enc/dvips/base/8r.enc
}</usr/share/texlive/texmf-dist/fonts/type1/public/amsfonts/cm/cmmi10.pfb></usr
/share/texlive/texmf-dist/fonts/type1/public/amsfonts/cm/cmr10.pfb></usr/share/
texlive/texmf-dist/fonts/type1/public/amsfonts/cm/cmsy10.pfb></usr/share/texliv
e/texmf-dist/fonts/type1/public/amsfonts/cm/cmtt12.pfb></usr/share/texlive/texm
f-dist/fonts/type1/public/fpl/fplbj8a.pfb></usr/share/texlive/texmf-dist/fonts/
type1/public/mathpazo/fplmb.pfb></usr/share/texlive/texmf-dist/fonts/type1/publ
ic/mathpazo/fplmbi.pfb></usr/share/texlive/texmf-dist/fonts/type1/public/mathpa
zo/fplmr.pfb></usr/share/texlive/texmf-dist/fonts/type1/public/mathpazo/fplmri.
pfb></usr/share/texlive/texmf-dist/fonts/type1/public/fpl/fplrc8a.pfb></usr/sha
re/texlive/texmf-dist/fonts/type1/public/amsfonts/symbols/msam10.pfb></usr/shar
e/texlive/texmf-dist/fonts/type1/urw/helvetic/uhvr8a.pfb></usr/share/texlive/te
xmf-dist/fonts/type1/urw/palatino/uplb8a.pfb></usr/share/texlive/texmf-dist/fon
ts/type1/urw/palatino/uplbi8a.pfb></usr/share/texlive/texmf-dist/fonts/type1/ur
w/palatino/uplr8a.pfb></usr/share/texlive/texmf-dist/fonts/type1/urw/palatino/u
plri8a.pfb>
Output written on phylopca-ms.pdf (35 pages, 485115 bytes).
PDF statistics:
 301 PDF objects out of 1000 (max. 8388607)
 0 named destinations out of 1000 (max. 500000)
 66 words of extra memory for PDF output out of 10000 (max. 10000000)

